Release 14.7 Map P.20131013 (nt64)
Xilinx Mapping Report File for Design 'Top'

Design Information
------------------
Command Line   : map -intstyle ise -p xc6slx4-cpg196-2 -w -logic_opt off -ol
high -t 1 -xt 0 -register_duplication off -r 4 -global_opt off -mt off -ir off
-pr off -lc off -power off -o Top_map.ncd Top.ngd Top.pcf 
Target Device  : xc6slx4
Target Package : cpg196
Target Speed   : -2
Mapper Version : spartan6 -- $Revision: 1.55 $
Mapped Date    : Wed Dec 10 13:12:27 2014

Design Summary
--------------
Number of errors:      0
Number of warnings:    1
Slice Logic Utilization:
  Number of Slice Registers:                 2,369 out of   4,800   49%
    Number used as Flip Flops:               2,369
    Number used as Latches:                      0
    Number used as Latch-thrus:                  0
    Number used as AND/OR logics:                0
  Number of Slice LUTs:                      1,582 out of   2,400   65%
    Number used as logic:                    1,258 out of   2,400   52%
      Number using O6 output only:             972
      Number using O5 output only:              59
      Number using O5 and O6:                  227
      Number used as ROM:                        0
    Number used as Memory:                       6 out of   1,200    1%
      Number used as Dual Port RAM:              0
      Number used as Single Port RAM:            0
      Number used as Shift Register:             6
        Number using O6 output only:             6
        Number using O5 output only:             0
        Number using O5 and O6:                  0
    Number used exclusively as route-thrus:    318
      Number with same-slice register load:    313
      Number with same-slice carry load:         5
      Number with other load:                    0

Slice Logic Distribution:
  Number of occupied Slices:                   583 out of     600   97%
  Number of MUXCYs used:                       188 out of   1,200   15%
  Number of LUT Flip Flop pairs used:        2,229
    Number with an unused Flip Flop:           272 out of   2,229   12%
    Number with an unused LUT:                 647 out of   2,229   29%
    Number of fully used LUT-FF pairs:       1,310 out of   2,229   58%
    Number of unique control sets:              66
    Number of slice register sites lost
      to control set restrictions:             153 out of   4,800    3%

  A LUT Flip Flop pair for this architecture represents one LUT paired with
  one Flip Flop within a slice.  A control set is a unique combination of
  clock, reset, set, and enable signals for a registered element.
  The Slice Logic Distribution report is not meaningful if the design is
  over-mapped for a non-slice resource or if Placement fails.

IO Utilization:
  Number of bonded IOBs:                        53 out of     106   50%
    Number of LOCed IOBs:                       53 out of      53  100%

Specific Feature Utilization:
  Number of RAMB16BWERs:                         0 out of      12    0%
  Number of RAMB8BWERs:                          0 out of      24    0%
  Number of BUFIO2/BUFIO2_2CLKs:                 1 out of      32    3%
    Number used as BUFIO2s:                      1
    Number used as BUFIO2_2CLKs:                 0
  Number of BUFIO2FB/BUFIO2FB_2CLKs:             0 out of      32    0%
  Number of BUFG/BUFGMUXs:                       1 out of      16    6%
    Number used as BUFGs:                        1
    Number used as BUFGMUX:                      0
  Number of DCM/DCM_CLKGENs:                     1 out of       4   25%
    Number used as DCMs:                         1
    Number used as DCM_CLKGENs:                  0
  Number of ILOGIC2/ISERDES2s:                   0 out of     200    0%
  Number of IODELAY2/IODRP2/IODRP2_MCBs:         0 out of     200    0%
  Number of OLOGIC2/OSERDES2s:                   0 out of     200    0%
  Number of BSCANs:                              0 out of       4    0%
  Number of BUFHs:                               0 out of     128    0%
  Number of BUFPLLs:                             0 out of       8    0%
  Number of BUFPLL_MCBs:                         0 out of       4    0%
  Number of DSP48A1s:                            0 out of       8    0%
  Number of ICAPs:                               0 out of       1    0%
  Number of PCILOGICSEs:                         0 out of       2    0%
  Number of PLL_ADVs:                            0 out of       2    0%
  Number of PMVs:                                0 out of       1    0%
  Number of STARTUPs:                            0 out of       1    0%
  Number of SUSPEND_SYNCs:                       0 out of       1    0%

Average Fanout of Non-Clock Nets:                3.85

Peak Memory Usage:  450 MB
Total REAL time to MAP completion:  57 secs 
Total CPU time to MAP completion:   56 secs 

Table of Contents
-----------------
Section 1 - Errors
Section 2 - Warnings
Section 3 - Informational
Section 4 - Removed Logic Summary
Section 5 - Removed Logic
Section 6 - IOB Properties
Section 7 - RPMs
Section 8 - Guide Report
Section 9 - Area Group and Partition Summary
Section 10 - Timing Report
Section 11 - Configuration String Information
Section 12 - Control Set Information
Section 13 - Utilization by Hierarchy

Section 1 - Errors
------------------

Section 2 - Warnings
--------------------
WARNING:Timing:3402 - The Clock Modifying COMP, CLK0/dcm_sp_inst, has the attribute CLK_FEEDBACK set to NONE.  No phase relationship exists
   between the input and output clocks of this Clock Modifying COMP. Data paths between these clock domains must be constrained using
   FROM/TO constraints.

Section 3 - Informational
-------------------------
INFO:LIT:243 - Logical network CSMUX<2>_IBUF has no load.
INFO:LIT:395 - The above info message is repeated 20 more times for the
   following (max. 5 shown):
   CSMUX<1>_IBUF,
   CSMUX<0>_IBUF,
   BTN_0_IBUF,
   BTN_1_IBUF,
   DAC_SDO_IBUF
   To see the details of these info messages, please use the -detail switch.
INFO:MapLib:562 - No environment variables are currently set.
INFO:LIT:244 - All of the single ended outputs in this design are using slew
   rate limited output drivers. The delay on speed critical single ended outputs
   can be dramatically reduced by designating them as fast outputs.
INFO:Pack:1716 - Initializing temperature to 85.000 Celsius. (default - Range:
   0.000 to 85.000 Celsius)
INFO:Pack:1720 - Initializing voltage to 1.140 Volts. (default - Range: 1.140 to
   1.260 Volts)
INFO:Map:215 - The Interim Design Summary has been generated in the MAP Report
   (.mrp).
INFO:Pack:1650 - Map created a placed design.
INFO:PhysDesignRules:1861 - To achieve optimal frequency synthesis performance
   with the CLKFX and CLKFX180 outputs of the DCM comp CLK0/dcm_sp_inst, consult
   the device Data Sheet.

Section 4 - Removed Logic Summary
---------------------------------
   2 block(s) optimized away

Section 5 - Removed Logic
-------------------------

Optimized Block(s):
TYPE 		BLOCK
GND 		XST_GND
VCC 		XST_VCC

To enable printing of redundant blocks removed and signals merged, set the
detailed map report option and rerun map.

Section 6 - IOB Properties
--------------------------

+---------------------------------------------------------------------------------------------------------------------------------------------------------+
| IOB Name                           | Type             | Direction | IO Standard          | Diff  | Drive    | Slew | Reg (s)      | Resistor | IOB      |
|                                    |                  |           |                      | Term  | Strength | Rate |              |          | Delay    |
+---------------------------------------------------------------------------------------------------------------------------------------------------------+
| ADC_BUSY                           | IOB              | INPUT     | LVCMOS33             |       |          |      |              |          |          |
| ADC_CONVST_A                       | IOB              | OUTPUT    | LVCMOS33             |       | 12       | SLOW |              |          |          |
| ADC_CONVST_B                       | IOB              | OUTPUT    | LVCMOS33             |       | 12       | SLOW |              |          |          |
| ADC_DOUT_A                         | IOB              | INPUT     | LVCMOS33             |       |          |      |              |          |          |
| ADC_DOUT_B                         | IOB              | INPUT     | LVCMOS33             |       |          |      |              |          |          |
| ADC_FRSTDATA                       | IOB              | INPUT     | LVCMOS33             |       |          |      |              |          |          |
| ADC_N_CS                           | IOB              | OUTPUT    | LVCMOS33             |       | 12       | SLOW |              |          |          |
| ADC_N_STBY                         | IOB              | OUTPUT    | LVCMOS33             |       | 12       | SLOW |              |          |          |
| ADC_OS<0>                          | IOB              | OUTPUT    | LVCMOS33             |       | 12       | SLOW |              |          |          |
| ADC_OS<1>                          | IOB              | OUTPUT    | LVCMOS33             |       | 12       | SLOW |              |          |          |
| ADC_OS<2>                          | IOB              | OUTPUT    | LVCMOS33             |       | 12       | SLOW |              |          |          |
| ADC_RANGE                          | IOB              | OUTPUT    | LVCMOS33             |       | 12       | SLOW |              |          |          |
| ADC_RESET                          | IOB              | OUTPUT    | LVCMOS33             |       | 12       | SLOW |              |          |          |
| ADC_SCLK                           | IOB              | OUTPUT    | LVCMOS33             |       | 12       | SLOW |              |          |          |
| BTN_0                              | IOB              | INPUT     | LVCMOS33             |       |          |      |              |          |          |
| BTN_1                              | IOB              | INPUT     | LVCMOS33             |       |          |      |              |          |          |
| BUS_CLK                            | IOB              | INPUT     | LVCMOS33             |       |          |      |              |          |          |
| CLK_8MHZ                           | IOB              | INPUT     | LVCMOS33             |       |          |      |              |          |          |
| CS                                 | IOB              | INPUT     | LVCMOS33             |       |          |      |              | PULLUP   |          |
| CSMUX<0>                           | IOB              | INPUT     | LVCMOS33             |       |          |      |              |          |          |
| CSMUX<1>                           | IOB              | INPUT     | LVCMOS33             |       |          |      |              |          |          |
| CSMUX<2>                           | IOB              | INPUT     | LVCMOS33             |       |          |      |              |          |          |
| DAC_BIN                            | IOB              | OUTPUT    | LVCMOS33             |       | 12       | SLOW |              |          |          |
| DAC_D0                             | IOB              | INPUT     | LVCMOS33             |       |          |      |              |          |          |
| DAC_D1                             | IOB              | INPUT     | LVCMOS33             |       |          |      |              |          |          |
| DAC_N_CLR                          | IOB              | OUTPUT    | LVCMOS33             |       | 12       | SLOW |              |          |          |
| DAC_N_LDAC                         | IOB              | OUTPUT    | LVCMOS33             |       | 12       | SLOW |              |          |          |
| DAC_N_RSTIN                        | IOB              | OUTPUT    | LVCMOS33             |       | 12       | SLOW |              |          |          |
| DAC_N_SYNC                         | IOB              | OUTPUT    | LVCMOS33             |       | 12       | SLOW |              |          |          |
| DAC_SCLK                           | IOB              | OUTPUT    | LVCMOS33             |       | 12       | SLOW |              |          |          |
| DAC_SDIN                           | IOB              | OUTPUT    | LVCMOS33             |       | 12       | SLOW |              |          |          |
| DAC_SDO                            | IOB              | INPUT     | LVCMOS33             |       |          |      |              |          |          |
| FAULT                              | IOB              | OUTPUT    | LVCMOS33             |       | 12       | SLOW |              | PULLUP   |          |
| LED_0                              | IOB              | OUTPUT    | LVCMOS33             |       | 12       | SLOW |              |          |          |
| LED_1                              | IOB              | OUTPUT    | LVCMOS33             |       | 12       | SLOW |              |          |          |
| LED_2                              | IOB              | OUTPUT    | LVCMOS33             |       | 12       | SLOW |              |          |          |
| LED_3                              | IOB              | OUTPUT    | LVCMOS33             |       | 12       | SLOW |              |          |          |
| MISO                               | IOB              | OUTPUT    | LVCMOS33             |       | 12       | SLOW |              |          |          |
| MOSI                               | IOB              | INPUT     | LVCMOS33             |       |          |      |              |          |          |
| RESET                              | IOB              | INPUT     | LVCMOS33             |       |          |      |              | PULLUP   |          |
| SCK                                | IOB              | INPUT     | LVCMOS33             |       |          |      |              |          |          |
| SPARE1                             | IOB              | INPUT     | LVCMOS33             |       |          |      |              |          |          |
| SPARE2                             | IOB              | INPUT     | LVCMOS33             |       |          |      |              |          |          |
| SPARE3                             | IOB              | INPUT     | LVCMOS33             |       |          |      |              |          |          |
| SPARE4                             | IOB              | INPUT     | LVCMOS33             |       |          |      |              |          |          |
| SPARE5                             | IOB              | INPUT     | LVCMOS33             |       |          |      |              |          |          |
| SPARE6                             | IOB              | INPUT     | LVCMOS33             |       |          |      |              |          |          |
| SPARE7                             | IOB              | INPUT     | LVCMOS33             |       |          |      |              |          |          |
| SPARE8                             | IOB              | INPUT     | LVCMOS33             |       |          |      |              |          |          |
| SPARE9                             | IOB              | INPUT     | LVCMOS33             |       |          |      |              |          |          |
| SPARE10                            | IOB              | INPUT     | LVCMOS33             |       |          |      |              |          |          |
| SYNC_CLK                           | IOB              | INPUT     | LVCMOS33             |       |          |      |              |          |          |
| SYNC_RESET                         | IOB              | INPUT     | LVCMOS33             |       |          |      |              |          |          |
+---------------------------------------------------------------------------------------------------------------------------------------------------------+

Section 7 - RPMs
----------------

Section 8 - Guide Report
------------------------
Guide not run on this design.

Section 9 - Area Group and Partition Summary
--------------------------------------------

Partition Implementation Status
-------------------------------

  No Partitions were found in this design.

-------------------------------

Area Group Information
----------------------

  No area groups were found in this design.

----------------------

Section 10 - Timing Report
--------------------------
A logic-level (pre-route) timing report can be generated by using Xilinx static
timing analysis tools, Timing Analyzer (GUI) or TRCE (command line), with the
mapped NCD and PCF files. Please note that this timing report will be generated
using estimated delay information. For accurate numbers, please generate a
timing report with the post Place and Route NCD file.

For more information about the Timing Analyzer, consult the Xilinx Timing
Analyzer Reference Manual; for more information about TRCE, consult the Xilinx
Command Line Tools User Guide "TRACE" chapter.

Section 11 - Configuration String Details
-----------------------------------------
Use the "-detail" map option to print out Configuration Strings

Section 12 - Control Set Information
------------------------------------
Use the "-detail" map option to print out Control Set Information.

Section 13 - Utilization by Hierarchy
-------------------------------------
Use the "-detail" map option to print out the Utilization by Hierarchy section.
